\BOOKMARK [1][-]{section.1}{SC42150 - Python assignment 1}{}% 1
\BOOKMARK [2][-]{subsection.1.1}{Simulating a Stochastic Damped Harmonic Oscillator}{section.1}% 2
\BOOKMARK [1][-]{section.2}{Team members}{}% 3
\BOOKMARK [2][-]{subsubsection.2.0.1}{How to use the template}{section.2}% 4
\BOOKMARK [3][-]{subsubsection.2.0.2}{Useful python packages}{subsubsection.2.0.1}% 5
\BOOKMARK [2][-]{subsection.2.1}{Question 1}{section.2}% 6
\BOOKMARK [3][-]{subsubsection.2.1.1}{Answer 1}{subsection.2.1}% 7
\BOOKMARK [2][-]{subsection.2.2}{Question 2}{section.2}% 8
\BOOKMARK [3][-]{subsubsection.2.2.1}{Answer 2}{subsection.2.2}% 9
\BOOKMARK [2][-]{subsection.2.3}{Question 3}{section.2}% 10
\BOOKMARK [3][-]{subsubsection.2.3.1}{Answer 3}{subsection.2.3}% 11
\BOOKMARK [2][-]{subsection.2.4}{Question 4}{section.2}% 12
\BOOKMARK [3][-]{subsubsection.2.4.1}{Answer 4}{subsection.2.4}% 13
\BOOKMARK [2][-]{subsection.2.5}{Question 5}{section.2}% 14
\BOOKMARK [3][-]{subsubsection.2.5.1}{Answer 5}{subsection.2.5}% 15
\BOOKMARK [2][-]{subsection.2.6}{Question 6}{section.2}% 16
\BOOKMARK [3][-]{subsubsection.2.6.1}{Answer 6}{subsection.2.6}% 17
\BOOKMARK [2][-]{subsection.2.7}{Question 7}{section.2}% 18
\BOOKMARK [3][-]{subsubsection.2.7.1}{Answer 7}{subsection.2.7}% 19
\BOOKMARK [2][-]{subsection.2.8}{Question 8}{section.2}% 20
\BOOKMARK [3][-]{subsubsection.2.8.1}{Answer 8}{subsection.2.8}% 21
\BOOKMARK [2][-]{subsection.2.9}{Question 9}{section.2}% 22
\BOOKMARK [3][-]{subsubsection.2.9.1}{Answer 9}{subsection.2.9}% 23
\BOOKMARK [2][-]{subsection.2.10}{Question 10}{section.2}% 24
\BOOKMARK [3][-]{subsubsection.2.10.1}{Answer 10}{subsection.2.10}% 25
